# JRE version: OpenJDK Runtime Environment (8.0_152-b01) (build 1.8.0_152-release-1024-b01)
# Java VM: OpenJDK 64-Bit Server VM (25.152-b01 mixed mode bsd-amd64 compressed oops)
Heap:
 PSYoungGen      total 489984K, used 458752K [0x00000007a0000000, 0x00000007bfe80000, 0x00000007c0000000)
  eden space 458752K, 100% used [0x00000007a0000000,0x00000007bc000000,0x00000007bc000000)
  from space 31232K, 0% used [0x00000007bdf00000,0x00000007bdf00000,0x00000007bfd80000)
  to   space 31744K, 35% used [0x00000007bc000000,0x00000007bcb040a0,0x00000007bdf00000)
 ParOldGen       total 284160K, used 60050K [0x0000000760000000, 0x0000000771580000, 0x00000007a0000000)
  object space 284160K, 21% used [0x0000000760000000,0x0000000763aa4970,0x0000000771580000)
 Metaspace       used 94907K, capacity 100084K, committed 100736K, reserved 1136640K
  class space    used 11984K, capacity 12939K, committed 13184K, reserved 1048576K
GC Heap History (10 events):
Event: 5210.283 GC heap after
Heap after GC invocations=27 (full 4):
 PSYoungGen      total 487424K, used 12319K [0x00000007a0000000, 0x00000007c0000000, 0x00000007c0000000)
  eden space 454144K, 0% used [0x00000007a0000000,0x00000007a0000000,0x00000007bbb80000)
  from space 33280K, 37% used [0x00000007bbb80000,0x00000007bc787fe0,0x00000007bdc00000)
  to   space 32768K, 0% used [0x00000007be000000,0x00000007be000000,0x00000007c0000000)
 ParOldGen       total 284160K, used 69030K [0x0000000760000000, 0x0000000771580000, 0x00000007a0000000)
  object space 284160K, 24% used [0x0000000760000000,0x0000000764369928,0x0000000771580000)
 Metaspace       used 94421K, capacity 99650K, committed 99968K, reserved 1136640K
  class space    used 12010K, capacity 12978K, committed 13184K, reserved 1048576K
}
Event: 5220.579 GC heap before
{Heap before GC invocations=28 (full 4):
 PSYoungGen      total 487424K, used 466450K [0x00000007a0000000, 0x00000007c0000000, 0x00000007c0000000)
  eden space 454144K, 99% used [0x00000007a0000000,0x00000007bbb7c910,0x00000007bbb80000)
  from space 33280K, 37% used [0x00000007bbb80000,0x00000007bc787fe0,0x00000007bdc00000)
  to   space 32768K, 0% used [0x00000007be000000,0x00000007be000000,0x00000007c0000000)
 ParOldGen       total 284160K, used 69030K [0x0000000760000000, 0x0000000771580000, 0x00000007a0000000)
  object space 284160K, 24% used [0x0000000760000000,0x0000000764369928,0x0000000771580000)
 Metaspace       used 94849K, capacity 100070K, committed 100480K, reserved 1136640K
  class space    used 12042K, capacity 13022K, committed 13184K, reserved 1048576K
Event: 5220.599 GC heap after
Heap after GC invocations=28 (full 4):
 PSYoungGen      total 490496K, used 20584K [0x00000007a0000000, 0x00000007bff80000, 0x00000007c0000000)
  eden space 458240K, 0% used [0x00000007a0000000,0x00000007a0000000,0x00000007bbf80000)
  from space 32256K, 63% used [0x00000007be000000,0x00000007bf41a240,0x00000007bff80000)
  to   space 32768K, 0% used [0x00000007bbf80000,0x00000007bbf80000,0x00000007bdf80000)
 ParOldGen       total 284160K, used 69038K [0x0000000760000000, 0x0000000771580000, 0x00000007a0000000)
  object space 284160K, 24% used [0x0000000760000000,0x000000076436b928,0x0000000771580000)
 Metaspace       used 94849K, capacity 100070K, committed 100480K, reserved 1136640K
  class space    used 12042K, capacity 13022K, committed 13184K, reserved 1048576K
}
Event: 5258.482 GC heap before
{Heap before GC invocations=29 (full 4):
 PSYoungGen      total 490496K, used 478811K [0x00000007a0000000, 0x00000007bff80000, 0x00000007c0000000)
  eden space 458240K, 99% used [0x00000007a0000000,0x00000007bbf7cda8,0x00000007bbf80000)
  from space 32256K, 63% used [0x00000007be000000,0x00000007bf41a240,0x00000007bff80000)
  to   space 32768K, 0% used [0x00000007bbf80000,0x00000007bbf80000,0x00000007bdf80000)
 ParOldGen       total 284160K, used 69038K [0x0000000760000000, 0x0000000771580000, 0x00000007a0000000)
  object space 284160K, 24% used [0x0000000760000000,0x000000076436b928,0x0000000771580000)
 Metaspace       used 95095K, capacity 100428K, committed 100736K, reserved 1136640K
  class space    used 12046K, capacity 13027K, committed 13184K, reserved 1048576K
Event: 5258.495 GC heap after
Heap after GC invocations=29 (full 4):
 PSYoungGen      total 473600K, used 15038K [0x00000007a0000000, 0x00000007bfd80000, 0x00000007c0000000)
  eden space 458240K, 0% used [0x00000007a0000000,0x00000007a0000000,0x00000007bbf80000)
  from space 15360K, 97% used [0x00000007bbf80000,0x00000007bce2fae0,0x00000007bce80000)
  to   space 31232K, 0% used [0x00000007bdf00000,0x00000007bdf00000,0x00000007bfd80000)
 ParOldGen       total 284160K, used 69046K [0x0000000760000000, 0x0000000771580000, 0x00000007a0000000)
  object space 284160K, 24% used [0x0000000760000000,0x000000076436d928,0x0000000771580000)
 Metaspace       used 95095K, capacity 100428K, committed 100736K, reserved 1136640K
  class space    used 12046K, capacity 13027K, committed 13184K, reserved 1048576K
}
Event: 6127.555 GC heap before
{Heap before GC invocations=30 (full 4):
 PSYoungGen      total 473600K, used 74800K [0x00000007a0000000, 0x00000007bfd80000, 0x00000007c0000000)
  eden space 458240K, 13% used [0x00000007a0000000,0x00000007a3a5c5e0,0x00000007bbf80000)
  from space 15360K, 97% used [0x00000007bbf80000,0x00000007bce2fae0,0x00000007bce80000)
  to   space 31232K, 0% used [0x00000007bdf00000,0x00000007bdf00000,0x00000007bfd80000)
 ParOldGen       total 284160K, used 69046K [0x0000000760000000, 0x0000000771580000, 0x00000007a0000000)
  object space 284160K, 24% used [0x0000000760000000,0x000000076436d928,0x0000000771580000)
 Metaspace       used 95108K, capacity 100428K, committed 100736K, reserved 1136640K
  class space    used 12046K, capacity 13027K, committed 13184K, reserved 1048576K
Event: 6127.561 GC heap after
Heap after GC invocations=30 (full 4):
 PSYoungGen      total 489984K, used 6079K [0x00000007a0000000, 0x00000007bfe80000, 0x00000007c0000000)
  eden space 458752K, 0% used [0x00000007a0000000,0x00000007a0000000,0x00000007bc000000)
  from space 31232K, 19% used [0x00000007bdf00000,0x00000007be4efca8,0x00000007bfd80000)
  to   space 31744K, 0% used [0x00000007bc000000,0x00000007bc000000,0x00000007bdf00000)
 ParOldGen       total 284160K, used 69054K [0x0000000760000000, 0x0000000771580000, 0x00000007a0000000)
  object space 284160K, 24% used [0x0000000760000000,0x000000076436f928,0x0000000771580000)
 Metaspace       used 95108K, capacity 100428K, committed 100736K, reserved 1136640K
  class space    used 12046K, capacity 13027K, committed 13184K, reserved 1048576K
}
Event: 6127.561 GC heap before
{Heap before GC invocations=31 (full 5):
 PSYoungGen      total 489984K, used 6079K [0x00000007a0000000, 0x00000007bfe80000, 0x00000007c0000000)
  eden space 458752K, 0% used [0x00000007a0000000,0x00000007a0000000,0x00000007bc000000)
  from space 31232K, 19% used [0x00000007bdf00000,0x00000007be4efca8,0x00000007bfd80000)
  to   space 31744K, 0% used [0x00000007bc000000,0x00000007bc000000,0x00000007bdf00000)
 ParOldGen       total 284160K, used 69054K [0x0000000760000000, 0x0000000771580000, 0x00000007a0000000)
  object space 284160K, 24% used [0x0000000760000000,0x000000076436f928,0x0000000771580000)
 Metaspace       used 95108K, capacity 100428K, committed 100736K, reserved 1136640K
  class space    used 12046K, capacity 13027K, committed 13184K, reserved 1048576K
Event: 6128.027 GC heap after
Heap after GC invocations=31 (full 5):
 PSYoungGen      total 489984K, used 0K [0x00000007a0000000, 0x00000007bfe80000, 0x00000007c0000000)
  eden space 458752K, 0% used [0x00000007a0000000,0x00000007a0000000,0x00000007bc000000)
  from space 31232K, 0% used [0x00000007bdf00000,0x00000007bdf00000,0x00000007bfd80000)
  to   space 31744K, 0% used [0x00000007bc000000,0x00000007bc000000,0x00000007bdf00000)
 ParOldGen       total 284160K, used 60042K [0x0000000760000000, 0x0000000771580000, 0x00000007a0000000)
  object space 284160K, 21% used [0x0000000760000000,0x0000000763aa2970,0x0000000771580000)
 Metaspace       used 94717K, capacity 99872K, committed 100736K, reserved 1136640K
  class space    used 11983K, capacity 12937K, committed 13184K, reserved 1048576K
}
Event: 8565.362 GC heap before
{Heap before GC invocations=32 (full 5):
 PSYoungGen      total 489984K, used 458752K [0x00000007a0000000, 0x00000007bfe80000, 0x00000007c0000000)
  eden space 458752K, 100% used [0x00000007a0000000,0x00000007bc000000,0x00000007bc000000)
  from space 31232K, 0% used [0x00000007bdf00000,0x00000007bdf00000,0x00000007bfd80000)
  to   space 31744K, 0% used [0x00000007bc000000,0x00000007bc000000,0x00000007bdf00000)
 ParOldGen       total 284160K, used 60042K [0x0000000760000000, 0x0000000771580000, 0x00000007a0000000)
  object space 284160K, 21% used [0x0000000760000000,0x0000000763aa2970,0x0000000771580000)
 Metaspace       used 94907K, capacity 100084K, committed 100736K, reserved 1136640K
  class space    used 11984K, capacity 12939K, committed 13184K, reserved 1048576K

