# JRE version: OpenJDK Runtime Environment (8.0_152-b01) (build 1.8.0_152-release-1024-b01)
# Java VM: OpenJDK 64-Bit Server VM (25.152-b01 mixed mode bsd-amd64 compressed oops)
Heap:
 PSYoungGen      total 462336K, used 17414K [0x00000007a0000000, 0x00000007bf680000, 0x00000007c0000000)
  eden space 417280K, 0% used [0x00000007a0000000,0x00000007a0000000,0x00000007b9780000)
  from space 45056K, 38% used [0x00000007bca80000,0x00000007bdb81a00,0x00000007bf680000)
  to   space 48640K, 0% used [0x00000007b9780000,0x00000007b9780000,0x00000007bc700000)
 ParOldGen       total 238592K, used 54741K [0x0000000760000000, 0x000000076e900000, 0x00000007a0000000)
  object space 238592K, 22% used [0x0000000760000000,0x0000000763575508,0x000000076e900000)
 Metaspace       used 98179K, capacity 102089K, committed 106004K, reserved 1140736K
  class space    used 12401K, capacity 13251K, committed 14140K, reserved 1048576K
GC Heap History (10 events):
Event: 471.984 GC heap after
Heap after GC invocations=37 (full 4):
 PSYoungGen      total 465408K, used 10574K [0x00000007a0000000, 0x00000007bff00000, 0x00000007c0000000)
  eden space 411136K, 0% used [0x00000007a0000000,0x00000007a0000000,0x00000007b9180000)
  from space 54272K, 19% used [0x00000007b9180000,0x00000007b9bd3800,0x00000007bc680000)
  to   space 52736K, 0% used [0x00000007bcb80000,0x00000007bcb80000,0x00000007bff00000)
 ParOldGen       total 238592K, used 163072K [0x0000000760000000, 0x000000076e900000, 0x00000007a0000000)
  object space 238592K, 68% used [0x0000000760000000,0x0000000769f402e0,0x000000076e900000)
 Metaspace       used 99529K, capacity 104505K, committed 104596K, reserved 1140736K
  class space    used 12855K, capacity 13970K, committed 14012K, reserved 1048576K
}
Event: 550.214 GC heap before
{Heap before GC invocations=38 (full 4):
 PSYoungGen      total 465408K, used 421644K [0x00000007a0000000, 0x00000007bff00000, 0x00000007c0000000)
  eden space 411136K, 99% used [0x00000007a0000000,0x00000007b916fa68,0x00000007b9180000)
  from space 54272K, 19% used [0x00000007b9180000,0x00000007b9bd3800,0x00000007bc680000)
  to   space 52736K, 0% used [0x00000007bcb80000,0x00000007bcb80000,0x00000007bff00000)
 ParOldGen       total 238592K, used 163072K [0x0000000760000000, 0x000000076e900000, 0x00000007a0000000)
  object space 238592K, 68% used [0x0000000760000000,0x0000000769f402e0,0x000000076e900000)
 Metaspace       used 100385K, capacity 105679K, committed 105748K, reserved 1140736K
  class space    used 12971K, capacity 14121K, committed 14140K, reserved 1048576K
Event: 550.237 GC heap after
Heap after GC invocations=38 (full 4):
 PSYoungGen      total 467456K, used 7365K [0x00000007a0000000, 0x00000007bfc80000, 0x00000007c0000000)
  eden space 417280K, 0% used [0x00000007a0000000,0x00000007a0000000,0x00000007b9780000)
  from space 50176K, 14% used [0x00000007bcb80000,0x00000007bd2b1738,0x00000007bfc80000)
  to   space 51712K, 0% used [0x00000007b9780000,0x00000007b9780000,0x00000007bca00000)
 ParOldGen       total 238592K, used 167802K [0x0000000760000000, 0x000000076e900000, 0x00000007a0000000)
  object space 238592K, 70% used [0x0000000760000000,0x000000076a3de940,0x000000076e900000)
 Metaspace       used 100385K, capacity 105679K, committed 105748K, reserved 1140736K
  class space    used 12971K, capacity 14121K, committed 14140K, reserved 1048576K
}
Event: 3758.959 GC heap before
{Heap before GC invocations=39 (full 4):
 PSYoungGen      total 467456K, used 194759K [0x00000007a0000000, 0x00000007bfc80000, 0x00000007c0000000)
  eden space 417280K, 44% used [0x00000007a0000000,0x00000007ab7007b0,0x00000007b9780000)
  from space 50176K, 14% used [0x00000007bcb80000,0x00000007bd2b1738,0x00000007bfc80000)
  to   space 51712K, 0% used [0x00000007b9780000,0x00000007b9780000,0x00000007bca00000)
 ParOldGen       total 238592K, used 167802K [0x0000000760000000, 0x000000076e900000, 0x00000007a0000000)
  object space 238592K, 70% used [0x0000000760000000,0x000000076a3de940,0x000000076e900000)
 Metaspace       used 100589K, capacity 105813K, committed 106004K, reserved 1140736K
  class space    used 12972K, capacity 14122K, committed 14140K, reserved 1048576K
Event: 3758.965 GC heap after
Heap after GC invocations=39 (full 4):
 PSYoungGen      total 468992K, used 320K [0x00000007a0000000, 0x00000007bfd80000, 0x00000007c0000000)
  eden space 417280K, 0% used [0x00000007a0000000,0x00000007a0000000,0x00000007b9780000)
  from space 51712K, 0% used [0x00000007b9780000,0x00000007b97d0000,0x00000007bca00000)
  to   space 52224K, 0% used [0x00000007bca80000,0x00000007bca80000,0x00000007bfd80000)
 ParOldGen       total 238592K, used 168374K [0x0000000760000000, 0x000000076e900000, 0x00000007a0000000)
  object space 238592K, 70% used [0x0000000760000000,0x000000076a46d960,0x000000076e900000)
 Metaspace       used 100589K, capacity 105813K, committed 106004K, reserved 1140736K
  class space    used 12972K, capacity 14122K, committed 14140K, reserved 1048576K
}
Event: 3758.965 GC heap before
{Heap before GC invocations=40 (full 5):
 PSYoungGen      total 468992K, used 320K [0x00000007a0000000, 0x00000007bfd80000, 0x00000007c0000000)
  eden space 417280K, 0% used [0x00000007a0000000,0x00000007a0000000,0x00000007b9780000)
  from space 51712K, 0% used [0x00000007b9780000,0x00000007b97d0000,0x00000007bca00000)
  to   space 52224K, 0% used [0x00000007bca80000,0x00000007bca80000,0x00000007bfd80000)
 ParOldGen       total 238592K, used 168374K [0x0000000760000000, 0x000000076e900000, 0x00000007a0000000)
  object space 238592K, 70% used [0x0000000760000000,0x000000076a46d960,0x000000076e900000)
 Metaspace       used 100589K, capacity 105813K, committed 106004K, reserved 1140736K
  class space    used 12972K, capacity 14122K, committed 14140K, reserved 1048576K
Event: 3759.273 GC heap after
Heap after GC invocations=40 (full 5):
 PSYoungGen      total 468992K, used 0K [0x00000007a0000000, 0x00000007bfd80000, 0x00000007c0000000)
  eden space 417280K, 0% used [0x00000007a0000000,0x00000007a0000000,0x00000007b9780000)
  from space 51712K, 0% used [0x00000007b9780000,0x00000007b9780000,0x00000007bca00000)
  to   space 52224K, 0% used [0x00000007bca80000,0x00000007bca80000,0x00000007bfd80000)
 ParOldGen       total 238592K, used 54733K [0x0000000760000000, 0x000000076e900000, 0x00000007a0000000)
  object space 238592K, 22% used [0x0000000760000000,0x0000000763573508,0x000000076e900000)
 Metaspace       used 96945K, capacity 100211K, committed 106004K, reserved 1140736K
  class space    used 12222K, capacity 12953K, committed 14140K, reserved 1048576K
}
Event: 10257.908 GC heap before
{Heap before GC invocations=41 (full 5):
 PSYoungGen      total 468992K, used 319527K [0x00000007a0000000, 0x00000007bfd80000, 0x00000007c0000000)
  eden space 417280K, 76% used [0x00000007a0000000,0x00000007b3809e70,0x00000007b9780000)
  from space 51712K, 0% used [0x00000007b9780000,0x00000007b9780000,0x00000007bca00000)
  to   space 52224K, 0% used [0x00000007bca80000,0x00000007bca80000,0x00000007bfd80000)
 ParOldGen       total 238592K, used 54733K [0x0000000760000000, 0x000000076e900000, 0x00000007a0000000)
  object space 238592K, 22% used [0x0000000760000000,0x0000000763573508,0x000000076e900000)
 Metaspace       used 98179K, capacity 102089K, committed 106004K, reserved 1140736K
  class space    used 12401K, capacity 13251K, committed 14140K, reserved 1048576K
Event: 10257.931 GC heap after
Heap after GC invocations=41 (full 5):
 PSYoungGen      total 462336K, used 17414K [0x00000007a0000000, 0x00000007bf680000, 0x00000007c0000000)
  eden space 417280K, 0% used [0x00000007a0000000,0x00000007a0000000,0x00000007b9780000)
  from space 45056K, 38% used [0x00000007bca80000,0x00000007bdb81a00,0x00000007bf680000)
  to   space 48640K, 0% used [0x00000007b9780000,0x00000007b9780000,0x00000007bc700000)
 ParOldGen       total 238592K, used 54741K [0x0000000760000000, 0x000000076e900000, 0x00000007a0000000)
  object space 238592K, 22% used [0x0000000760000000,0x0000000763575508,0x000000076e900000)
 Metaspace       used 98179K, capacity 102089K, committed 106004K, reserved 1140736K
  class space    used 12401K, capacity 13251K, committed 14140K, reserved 1048576K
}
Event: 10257.931 GC heap before
{Heap before GC invocations=42 (full 6):
 PSYoungGen      total 462336K, used 17414K [0x00000007a0000000, 0x00000007bf680000, 0x00000007c0000000)
  eden space 417280K, 0% used [0x00000007a0000000,0x00000007a0000000,0x00000007b9780000)
  from space 45056K, 38% used [0x00000007bca80000,0x00000007bdb81a00,0x00000007bf680000)
  to   space 48640K, 0% used [0x00000007b9780000,0x00000007b9780000,0x00000007bc700000)
 ParOldGen       total 238592K, used 54741K [0x0000000760000000, 0x000000076e900000, 0x00000007a0000000)
  object space 238592K, 22% used [0x0000000760000000,0x0000000763575508,0x000000076e900000)
 Metaspace       used 98179K, capacity 102089K, committed 106004K, reserved 1140736K
  class space    used 12401K, capacity 13251K, committed 14140K, reserved 1048576K

