# JRE version: OpenJDK Runtime Environment (8.0_152-b01) (build 1.8.0_152-release-1024-b01)
# Java VM: OpenJDK 64-Bit Server VM (25.152-b01 mixed mode bsd-amd64 compressed oops)
Heap:
 PSYoungGen      total 490496K, used 363042K [0x00000007a0000000, 0x00000007bfe00000, 0x00000007c0000000)
  eden space 458240K, 77% used [0x00000007a0000000,0x00000007b5c83388,0x00000007bbf80000)
  from space 32256K, 19% used [0x00000007bbf80000,0x00000007bc5856b0,0x00000007bdf00000)
  to   space 31232K, 0% used [0x00000007bdf80000,0x00000007bdf80000,0x00000007bfe00000)
 ParOldGen       total 404480K, used 96614K [0x0000000760000000, 0x0000000778b00000, 0x00000007a0000000)
  object space 404480K, 23% used [0x0000000760000000,0x0000000765e59870,0x0000000778b00000)
 Metaspace       used 97328K, capacity 101944K, committed 102144K, reserved 1138688K
  class space    used 12541K, capacity 13505K, committed 13568K, reserved 1048576K
GC Heap History (10 events):
Event: 431.894 GC heap before
{Heap before GC invocations=35 (full 4):
 PSYoungGen      total 484352K, used 462892K [0x00000007a0000000, 0x00000007bfc80000, 0x00000007c0000000)
  eden space 451072K, 100% used [0x00000007a0000000,0x00000007bb880000,0x00000007bb880000)
  from space 33280K, 35% used [0x00000007bdc00000,0x00000007be78b340,0x00000007bfc80000)
  to   space 34816K, 0% used [0x00000007bb880000,0x00000007bb880000,0x00000007bda80000)
 ParOldGen       total 404480K, used 88690K [0x0000000760000000, 0x0000000778b00000, 0x00000007a0000000)
  object space 404480K, 21% used [0x0000000760000000,0x000000076569c958,0x0000000778b00000)
 Metaspace       used 96598K, capacity 101108K, committed 101376K, reserved 1136640K
  class space    used 12477K, capacity 13439K, committed 13568K, reserved 1048576K
Event: 431.904 GC heap after
Heap after GC invocations=35 (full 4):
 PSYoungGen      total 485888K, used 11518K [0x00000007a0000000, 0x00000007bfe80000, 0x00000007c0000000)
  eden space 451072K, 0% used [0x00000007a0000000,0x00000007a0000000,0x00000007bb880000)
  from space 34816K, 33% used [0x00000007bb880000,0x00000007bc3bfb30,0x00000007bda80000)
  to   space 33280K, 0% used [0x00000007bde00000,0x00000007bde00000,0x00000007bfe80000)
 ParOldGen       total 404480K, used 88706K [0x0000000760000000, 0x0000000778b00000, 0x00000007a0000000)
  object space 404480K, 21% used [0x0000000760000000,0x00000007656a0958,0x0000000778b00000)
 Metaspace       used 96598K, capacity 101108K, committed 101376K, reserved 1136640K
  class space    used 12477K, capacity 13439K, committed 13568K, reserved 1048576K
}
Event: 433.039 GC heap before
{Heap before GC invocations=36 (full 4):
 PSYoungGen      total 485888K, used 462590K [0x00000007a0000000, 0x00000007bfe80000, 0x00000007c0000000)
  eden space 451072K, 100% used [0x00000007a0000000,0x00000007bb880000,0x00000007bb880000)
  from space 34816K, 33% used [0x00000007bb880000,0x00000007bc3bfb30,0x00000007bda80000)
  to   space 33280K, 0% used [0x00000007bde00000,0x00000007bde00000,0x00000007bfe80000)
 ParOldGen       total 404480K, used 88706K [0x0000000760000000, 0x0000000778b00000, 0x00000007a0000000)
  object space 404480K, 21% used [0x0000000760000000,0x00000007656a0958,0x0000000778b00000)
 Metaspace       used 96604K, capacity 101108K, committed 101376K, reserved 1136640K
  class space    used 12477K, capacity 13439K, committed 13568K, reserved 1048576K
Event: 433.059 GC heap after
Heap after GC invocations=36 (full 4):
 PSYoungGen      total 489472K, used 5905K [0x00000007a0000000, 0x00000007bfe80000, 0x00000007c0000000)
  eden space 456192K, 0% used [0x00000007a0000000,0x00000007a0000000,0x00000007bbd80000)
  from space 33280K, 17% used [0x00000007bde00000,0x00000007be3c4618,0x00000007bfe80000)
  to   space 33280K, 0% used [0x00000007bbd80000,0x00000007bbd80000,0x00000007bde00000)
 ParOldGen       total 404480K, used 95738K [0x0000000760000000, 0x0000000778b00000, 0x00000007a0000000)
  object space 404480K, 23% used [0x0000000760000000,0x0000000765d7e858,0x0000000778b00000)
 Metaspace       used 96604K, capacity 101108K, committed 101376K, reserved 1136640K
  class space    used 12477K, capacity 13439K, committed 13568K, reserved 1048576K
}
Event: 434.013 GC heap before
{Heap before GC invocations=37 (full 4):
 PSYoungGen      total 489472K, used 462097K [0x00000007a0000000, 0x00000007bfe80000, 0x00000007c0000000)
  eden space 456192K, 100% used [0x00000007a0000000,0x00000007bbd80000,0x00000007bbd80000)
  from space 33280K, 17% used [0x00000007bde00000,0x00000007be3c4618,0x00000007bfe80000)
  to   space 33280K, 0% used [0x00000007bbd80000,0x00000007bbd80000,0x00000007bde00000)
 ParOldGen       total 404480K, used 95738K [0x0000000760000000, 0x0000000778b00000, 0x00000007a0000000)
  object space 404480K, 23% used [0x0000000760000000,0x0000000765d7e858,0x0000000778b00000)
 Metaspace       used 96630K, capacity 101108K, committed 101376K, reserved 1136640K
  class space    used 12477K, capacity 13439K, committed 13568K, reserved 1048576K
Event: 434.024 GC heap after
Heap after GC invocations=37 (full 4):
 PSYoungGen      total 489472K, used 5608K [0x00000007a0000000, 0x00000007bff00000, 0x00000007c0000000)
  eden space 456192K, 0% used [0x00000007a0000000,0x00000007a0000000,0x00000007bbd80000)
  from space 33280K, 16% used [0x00000007bbd80000,0x00000007bc2fa198,0x00000007bde00000)
  to   space 32768K, 0% used [0x00000007bdf00000,0x00000007bdf00000,0x00000007bff00000)
 ParOldGen       total 404480K, used 96446K [0x0000000760000000, 0x0000000778b00000, 0x00000007a0000000)
  object space 404480K, 23% used [0x0000000760000000,0x0000000765e2f870,0x0000000778b00000)
 Metaspace       used 96630K, capacity 101108K, committed 101376K, reserved 1136640K
  class space    used 12477K, capacity 13439K, committed 13568K, reserved 1048576K
}
Event: 434.958 GC heap before
{Heap before GC invocations=38 (full 4):
 PSYoungGen      total 489472K, used 461800K [0x00000007a0000000, 0x00000007bff00000, 0x00000007c0000000)
  eden space 456192K, 100% used [0x00000007a0000000,0x00000007bbd80000,0x00000007bbd80000)
  from space 33280K, 16% used [0x00000007bbd80000,0x00000007bc2fa198,0x00000007bde00000)
  to   space 32768K, 0% used [0x00000007bdf00000,0x00000007bdf00000,0x00000007bff00000)
 ParOldGen       total 404480K, used 96446K [0x0000000760000000, 0x0000000778b00000, 0x00000007a0000000)
  object space 404480K, 23% used [0x0000000760000000,0x0000000765e2f870,0x0000000778b00000)
 Metaspace       used 96652K, capacity 101172K, committed 101376K, reserved 1136640K
  class space    used 12477K, capacity 13439K, committed 13568K, reserved 1048576K
Event: 434.977 GC heap after
Heap after GC invocations=38 (full 4):
 PSYoungGen      total 490496K, used 4500K [0x00000007a0000000, 0x00000007bfe80000, 0x00000007c0000000)
  eden space 458240K, 0% used [0x00000007a0000000,0x00000007a0000000,0x00000007bbf80000)
  from space 32256K, 13% used [0x00000007bdf00000,0x00000007be3652f8,0x00000007bfe80000)
  to   space 32256K, 0% used [0x00000007bbf80000,0x00000007bbf80000,0x00000007bdf00000)
 ParOldGen       total 404480K, used 96590K [0x0000000760000000, 0x0000000778b00000, 0x00000007a0000000)
  object space 404480K, 23% used [0x0000000760000000,0x0000000765e53870,0x0000000778b00000)
 Metaspace       used 96652K, capacity 101172K, committed 101376K, reserved 1136640K
  class space    used 12477K, capacity 13439K, committed 13568K, reserved 1048576K
}
Event: 435.982 GC heap before
{Heap before GC invocations=39 (full 4):
 PSYoungGen      total 490496K, used 462740K [0x00000007a0000000, 0x00000007bfe80000, 0x00000007c0000000)
  eden space 458240K, 100% used [0x00000007a0000000,0x00000007bbf80000,0x00000007bbf80000)
  from space 32256K, 13% used [0x00000007bdf00000,0x00000007be3652f8,0x00000007bfe80000)
  to   space 32256K, 0% used [0x00000007bbf80000,0x00000007bbf80000,0x00000007bdf00000)
 ParOldGen       total 404480K, used 96590K [0x0000000760000000, 0x0000000778b00000, 0x00000007a0000000)
  object space 404480K, 23% used [0x0000000760000000,0x0000000765e53870,0x0000000778b00000)
 Metaspace       used 96762K, capacity 101316K, committed 101632K, reserved 1136640K
  class space    used 12483K, capacity 13441K, committed 13568K, reserved 1048576K
Event: 435.998 GC heap after
Heap after GC invocations=39 (full 4):
 PSYoungGen      total 490496K, used 6165K [0x00000007a0000000, 0x00000007bfe00000, 0x00000007c0000000)
  eden space 458240K, 0% used [0x00000007a0000000,0x00000007a0000000,0x00000007bbf80000)
  from space 32256K, 19% used [0x00000007bbf80000,0x00000007bc5856b0,0x00000007bdf00000)
  to   space 31232K, 0% used [0x00000007bdf80000,0x00000007bdf80000,0x00000007bfe00000)
 ParOldGen       total 404480K, used 96614K [0x0000000760000000, 0x0000000778b00000, 0x00000007a0000000)
  object space 404480K, 23% used [0x0000000760000000,0x0000000765e59870,0x0000000778b00000)
 Metaspace       used 96762K, capacity 101316K, committed 101632K, reserved 1136640K
  class space    used 12483K, capacity 13441K, committed 13568K, reserved 1048576K
}

