# JRE version: OpenJDK Runtime Environment (8.0_152-b01) (build 1.8.0_152-release-1024-b01)
# Java VM: OpenJDK 64-Bit Server VM (25.152-b01 mixed mode bsd-amd64 compressed oops)
Heap:
 PSYoungGen      total 123904K, used 53976K [0x00000007a0000000, 0x00000007a9500000, 0x00000007c0000000)
  eden space 113152K, 38% used [0x00000007a0000000,0x00000007a2a36d90,0x00000007a6e80000)
  from space 10752K, 99% used [0x00000007a8a80000,0x00000007a94ff5c0,0x00000007a9500000)
  to   space 10752K, 0% used [0x00000007a8000000,0x00000007a8000000,0x00000007a8a80000)
 ParOldGen       total 91136K, used 6832K [0x0000000760000000, 0x0000000765900000, 0x00000007a0000000)
  object space 91136K, 7% used [0x0000000760000000,0x00000007606ac2c0,0x0000000765900000)
 Metaspace       used 29542K, capacity 30045K, committed 30464K, reserved 1075200K
  class space    used 3830K, capacity 3981K, committed 4096K, reserved 1048576K
GC Heap History (10 events):
Event: 1.118 GC heap before
{Heap before GC invocations=2 (full 1):
 PSYoungGen      total 76288K, used 2798K [0x00000007a0000000, 0x00000007a5500000, 0x00000007c0000000)
  eden space 65536K, 0% used [0x00000007a0000000,0x00000007a0000000,0x00000007a4000000)
  from space 10752K, 26% used [0x00000007a4000000,0x00000007a42bb9a8,0x00000007a4a80000)
  to   space 10752K, 0% used [0x00000007a4a80000,0x00000007a4a80000,0x00000007a5500000)
 ParOldGen       total 175104K, used 8K [0x0000000760000000, 0x000000076ab00000, 0x00000007a0000000)
  object space 175104K, 0% used [0x0000000760000000,0x0000000760002000,0x000000076ab00000)
 Metaspace       used 8741K, capacity 8922K, committed 8960K, reserved 1056768K
  class space    used 937K, capacity 1019K, committed 1024K, reserved 1048576K
Event: 1.128 GC heap after
Heap after GC invocations=2 (full 1):
 PSYoungGen      total 76288K, used 0K [0x00000007a0000000, 0x00000007a5500000, 0x00000007c0000000)
  eden space 65536K, 0% used [0x00000007a0000000,0x00000007a0000000,0x00000007a4000000)
  from space 10752K, 0% used [0x00000007a4000000,0x00000007a4000000,0x00000007a4a80000)
  to   space 10752K, 0% used [0x00000007a4a80000,0x00000007a4a80000,0x00000007a5500000)
 ParOldGen       total 175104K, used 2604K [0x0000000760000000, 0x000000076ab00000, 0x00000007a0000000)
  object space 175104K, 1% used [0x0000000760000000,0x000000076028b3c8,0x000000076ab00000)
 Metaspace       used 8741K, capacity 8922K, committed 8960K, reserved 1056768K
  class space    used 937K, capacity 1019K, committed 1024K, reserved 1048576K
}
Event: 3.319 GC heap before
{Heap before GC invocations=3 (full 1):
 PSYoungGen      total 76288K, used 65536K [0x00000007a0000000, 0x00000007a5500000, 0x00000007c0000000)
  eden space 65536K, 100% used [0x00000007a0000000,0x00000007a4000000,0x00000007a4000000)
  from space 10752K, 0% used [0x00000007a4000000,0x00000007a4000000,0x00000007a4a80000)
  to   space 10752K, 0% used [0x00000007a4a80000,0x00000007a4a80000,0x00000007a5500000)
 ParOldGen       total 175104K, used 2604K [0x0000000760000000, 0x000000076ab00000, 0x00000007a0000000)
  object space 175104K, 1% used [0x0000000760000000,0x000000076028b3c8,0x000000076ab00000)
 Metaspace       used 19989K, capacity 20234K, committed 20480K, reserved 1067008K
  class space    used 2402K, capacity 2495K, committed 2560K, reserved 1048576K
Event: 3.333 GC heap after
Heap after GC invocations=3 (full 1):
 PSYoungGen      total 76288K, used 10724K [0x00000007a0000000, 0x00000007a5500000, 0x00000007c0000000)
  eden space 65536K, 0% used [0x00000007a0000000,0x00000007a0000000,0x00000007a4000000)
  from space 10752K, 99% used [0x00000007a4a80000,0x00000007a54f90b0,0x00000007a5500000)
  to   space 10752K, 0% used [0x00000007a4000000,0x00000007a4000000,0x00000007a4a80000)
 ParOldGen       total 175104K, used 5636K [0x0000000760000000, 0x000000076ab00000, 0x00000007a0000000)
  object space 175104K, 3% used [0x0000000760000000,0x00000007605812a8,0x000000076ab00000)
 Metaspace       used 19989K, capacity 20234K, committed 20480K, reserved 1067008K
  class space    used 2402K, capacity 2495K, committed 2560K, reserved 1048576K
}
Event: 3.400 GC heap before
{Heap before GC invocations=4 (full 1):
 PSYoungGen      total 76288K, used 15330K [0x00000007a0000000, 0x00000007a5500000, 0x00000007c0000000)
  eden space 65536K, 7% used [0x00000007a0000000,0x00000007a047f768,0x00000007a4000000)
  from space 10752K, 99% used [0x00000007a4a80000,0x00000007a54f90b0,0x00000007a5500000)
  to   space 10752K, 0% used [0x00000007a4000000,0x00000007a4000000,0x00000007a4a80000)
 ParOldGen       total 175104K, used 5636K [0x0000000760000000, 0x000000076ab00000, 0x00000007a0000000)
  object space 175104K, 3% used [0x0000000760000000,0x00000007605812a8,0x000000076ab00000)
 Metaspace       used 20794K, capacity 21070K, committed 21296K, reserved 1069056K
  class space    used 2508K, capacity 2625K, committed 2688K, reserved 1048576K
Event: 3.405 GC heap after
Heap after GC invocations=4 (full 1):
 PSYoungGen      total 76288K, used 4918K [0x00000007a0000000, 0x00000007a9500000, 0x00000007c0000000)
  eden space 65536K, 0% used [0x00000007a0000000,0x00000007a0000000,0x00000007a4000000)
  from space 10752K, 45% used [0x00000007a4000000,0x00000007a44cdb28,0x00000007a4a80000)
  to   space 10752K, 0% used [0x00000007a8a80000,0x00000007a8a80000,0x00000007a9500000)
 ParOldGen       total 175104K, used 5644K [0x0000000760000000, 0x000000076ab00000, 0x00000007a0000000)
  object space 175104K, 3% used [0x0000000760000000,0x00000007605832a8,0x000000076ab00000)
 Metaspace       used 20794K, capacity 21070K, committed 21296K, reserved 1069056K
  class space    used 2508K, capacity 2625K, committed 2688K, reserved 1048576K
}
Event: 3.405 GC heap before
{Heap before GC invocations=5 (full 2):
 PSYoungGen      total 76288K, used 4918K [0x00000007a0000000, 0x00000007a9500000, 0x00000007c0000000)
  eden space 65536K, 0% used [0x00000007a0000000,0x00000007a0000000,0x00000007a4000000)
  from space 10752K, 45% used [0x00000007a4000000,0x00000007a44cdb28,0x00000007a4a80000)
  to   space 10752K, 0% used [0x00000007a8a80000,0x00000007a8a80000,0x00000007a9500000)
 ParOldGen       total 175104K, used 5644K [0x0000000760000000, 0x000000076ab00000, 0x00000007a0000000)
  object space 175104K, 3% used [0x0000000760000000,0x00000007605832a8,0x000000076ab00000)
 Metaspace       used 20794K, capacity 21070K, committed 21296K, reserved 1069056K
  class space    used 2508K, capacity 2625K, committed 2688K, reserved 1048576K
Event: 3.431 GC heap after
Heap after GC invocations=5 (full 2):
 PSYoungGen      total 76288K, used 0K [0x00000007a0000000, 0x00000007a9500000, 0x00000007c0000000)
  eden space 65536K, 0% used [0x00000007a0000000,0x00000007a0000000,0x00000007a4000000)
  from space 10752K, 0% used [0x00000007a4000000,0x00000007a4000000,0x00000007a4a80000)
  to   space 10752K, 0% used [0x00000007a8a80000,0x00000007a8a80000,0x00000007a9500000)
 ParOldGen       total 91136K, used 6318K [0x0000000760000000, 0x0000000765900000, 0x00000007a0000000)
  object space 91136K, 6% used [0x0000000760000000,0x000000076062b8b0,0x0000000765900000)
 Metaspace       used 20794K, capacity 21070K, committed 21296K, reserved 1069056K
  class space    used 2508K, capacity 2625K, committed 2688K, reserved 1048576K
}
Event: 4.592 GC heap before
{Heap before GC invocations=6 (full 2):
 PSYoungGen      total 76288K, used 65536K [0x00000007a0000000, 0x00000007a9500000, 0x00000007c0000000)
  eden space 65536K, 100% used [0x00000007a0000000,0x00000007a4000000,0x00000007a4000000)
  from space 10752K, 0% used [0x00000007a4000000,0x00000007a4000000,0x00000007a4a80000)
  to   space 10752K, 0% used [0x00000007a8a80000,0x00000007a8a80000,0x00000007a9500000)
 ParOldGen       total 91136K, used 6318K [0x0000000760000000, 0x0000000765900000, 0x00000007a0000000)
  object space 91136K, 6% used [0x0000000760000000,0x000000076062b8b0,0x0000000765900000)
 Metaspace       used 27117K, capacity 27541K, committed 27776K, reserved 1073152K
  class space    used 3479K, capacity 3587K, committed 3712K, reserved 1048576K
Event: 4.607 GC heap after
Heap after GC invocations=6 (full 2):
 PSYoungGen      total 123904K, used 10749K [0x00000007a0000000, 0x00000007a9500000, 0x00000007c0000000)
  eden space 113152K, 0% used [0x00000007a0000000,0x00000007a0000000,0x00000007a6e80000)
  from space 10752K, 99% used [0x00000007a8a80000,0x00000007a94ff5c0,0x00000007a9500000)
  to   space 10752K, 0% used [0x00000007a8000000,0x00000007a8000000,0x00000007a8a80000)
 ParOldGen       total 91136K, used 6832K [0x0000000760000000, 0x0000000765900000, 0x00000007a0000000)
  object space 91136K, 7% used [0x0000000760000000,0x00000007606ac2c0,0x0000000765900000)
 Metaspace       used 27117K, capacity 27541K, committed 27776K, reserved 1073152K
  class space    used 3479K, capacity 3587K, committed 3712K, reserved 1048576K
}

