# JRE version: OpenJDK Runtime Environment (8.0_152-b01) (build 1.8.0_152-release-1024-b01)
# Java VM: OpenJDK 64-Bit Server VM (25.152-b01 mixed mode bsd-amd64 compressed oops)
Heap:
 PSYoungGen      total 476160K, used 360152K [0x00000007a0000000, 0x00000007bfc00000, 0x00000007c0000000)
  eden space 463872K, 75% used [0x00000007a0000000,0x00000007b53c50a0,0x00000007bc500000)
  from space 12288K, 99% used [0x00000007bc500000,0x00000007bd0f0f68,0x00000007bd100000)
  to   space 28160K, 0% used [0x00000007be080000,0x00000007be080000,0x00000007bfc00000)
 ParOldGen       total 224768K, used 61554K [0x0000000760000000, 0x000000076db80000, 0x00000007a0000000)
  object space 224768K, 27% used [0x0000000760000000,0x0000000763c1ca20,0x000000076db80000)
 Metaspace       used 79083K, capacity 82687K, committed 82944K, reserved 1120256K
  class space    used 10411K, capacity 11138K, committed 11264K, reserved 1048576K
GC Heap History (10 events):
Event: 12.851 GC heap before
{Heap before GC invocations=16 (full 3):
 PSYoungGen      total 379392K, used 360442K [0x00000007a0000000, 0x00000007bbb80000, 0x00000007c0000000)
  eden space 349184K, 100% used [0x00000007a0000000,0x00000007b5500000,0x00000007b5500000)
  from space 30208K, 37% used [0x00000007b7180000,0x00000007b7c7eba8,0x00000007b8f00000)
  to   space 29184K, 0% used [0x00000007b5500000,0x00000007b5500000,0x00000007b7180000)
 ParOldGen       total 224768K, used 41755K [0x0000000760000000, 0x000000076db80000, 0x00000007a0000000)
  object space 224768K, 18% used [0x0000000760000000,0x00000007628c6cb8,0x000000076db80000)
 Metaspace       used 67356K, capacity 69670K, committed 69888K, reserved 1110016K
  class space    used 9100K, capacity 9645K, committed 9728K, reserved 1048576K
Event: 12.864 GC heap after
Heap after GC invocations=16 (full 3):
 PSYoungGen      total 378368K, used 3577K [0x00000007a0000000, 0x00000007c0000000, 0x00000007c0000000)
  eden space 349184K, 0% used [0x00000007a0000000,0x00000007a0000000,0x00000007b5500000)
  from space 29184K, 12% used [0x00000007b5500000,0x00000007b587e770,0x00000007b7180000)
  to   space 29696K, 0% used [0x00000007be300000,0x00000007be300000,0x00000007c0000000)
 ParOldGen       total 224768K, used 50174K [0x0000000760000000, 0x000000076db80000, 0x00000007a0000000)
  object space 224768K, 22% used [0x0000000760000000,0x00000007630ff940,0x000000076db80000)
 Metaspace       used 67356K, capacity 69670K, committed 69888K, reserved 1110016K
  class space    used 9100K, capacity 9645K, committed 9728K, reserved 1048576K
}
Event: 58.408 GC heap before
{Heap before GC invocations=17 (full 3):
 PSYoungGen      total 378368K, used 352761K [0x00000007a0000000, 0x00000007c0000000, 0x00000007c0000000)
  eden space 349184K, 100% used [0x00000007a0000000,0x00000007b5500000,0x00000007b5500000)
  from space 29184K, 12% used [0x00000007b5500000,0x00000007b587e770,0x00000007b7180000)
  to   space 29696K, 0% used [0x00000007be300000,0x00000007be300000,0x00000007c0000000)
 ParOldGen       total 224768K, used 50174K [0x0000000760000000, 0x000000076db80000, 0x00000007a0000000)
  object space 224768K, 22% used [0x0000000760000000,0x00000007630ff940,0x000000076db80000)
 Metaspace       used 76273K, capacity 79633K, committed 79872K, reserved 1118208K
  class space    used 10238K, capacity 10935K, committed 11008K, reserved 1048576K
Event: 58.433 GC heap after
Heap after GC invocations=17 (full 3):
 PSYoungGen      total 493568K, used 19048K [0x00000007a0000000, 0x00000007c0000000, 0x00000007c0000000)
  eden space 463872K, 0% used [0x00000007a0000000,0x00000007a0000000,0x00000007bc500000)
  from space 29696K, 64% used [0x00000007be300000,0x00000007bf59a1e8,0x00000007c0000000)
  to   space 30208K, 0% used [0x00000007bc500000,0x00000007bc500000,0x00000007be280000)
 ParOldGen       total 224768K, used 51403K [0x0000000760000000, 0x000000076db80000, 0x00000007a0000000)
  object space 224768K, 22% used [0x0000000760000000,0x0000000763232dd0,0x000000076db80000)
 Metaspace       used 76273K, capacity 79633K, committed 79872K, reserved 1118208K
  class space    used 10238K, capacity 10935K, committed 11008K, reserved 1048576K
}
Event: 60.757 GC heap before
{Heap before GC invocations=18 (full 3):
 PSYoungGen      total 493568K, used 482920K [0x00000007a0000000, 0x00000007c0000000, 0x00000007c0000000)
  eden space 463872K, 100% used [0x00000007a0000000,0x00000007bc500000,0x00000007bc500000)
  from space 29696K, 64% used [0x00000007be300000,0x00000007bf59a1e8,0x00000007c0000000)
  to   space 30208K, 0% used [0x00000007bc500000,0x00000007bc500000,0x00000007be280000)
 ParOldGen       total 224768K, used 51403K [0x0000000760000000, 0x000000076db80000, 0x00000007a0000000)
  object space 224768K, 22% used [0x0000000760000000,0x0000000763232dd0,0x000000076db80000)
 Metaspace       used 76945K, capacity 80331K, committed 80384K, reserved 1118208K
  class space    used 10262K, capacity 10968K, committed 11008K, reserved 1048576K
Event: 60.781 GC heap after
Heap after GC invocations=18 (full 3):
 PSYoungGen      total 466432K, used 2281K [0x00000007a0000000, 0x00000007c0000000, 0x00000007c0000000)
  eden space 463872K, 0% used [0x00000007a0000000,0x00000007a0000000,0x00000007bc500000)
  from space 2560K, 89% used [0x00000007bc500000,0x00000007bc73a670,0x00000007bc780000)
  to   space 30720K, 0% used [0x00000007be200000,0x00000007be200000,0x00000007c0000000)
 ParOldGen       total 224768K, used 61498K [0x0000000760000000, 0x000000076db80000, 0x00000007a0000000)
  object space 224768K, 27% used [0x0000000760000000,0x0000000763c0ea20,0x000000076db80000)
 Metaspace       used 76945K, capacity 80331K, committed 80384K, reserved 1118208K
  class space    used 10262K, capacity 10968K, committed 11008K, reserved 1048576K
}
Event: 64.451 GC heap before
{Heap before GC invocations=19 (full 3):
 PSYoungGen      total 466432K, used 466153K [0x00000007a0000000, 0x00000007c0000000, 0x00000007c0000000)
  eden space 463872K, 100% used [0x00000007a0000000,0x00000007bc500000,0x00000007bc500000)
  from space 2560K, 89% used [0x00000007bc500000,0x00000007bc73a670,0x00000007bc780000)
  to   space 30720K, 0% used [0x00000007be200000,0x00000007be200000,0x00000007c0000000)
 ParOldGen       total 224768K, used 61498K [0x0000000760000000, 0x000000076db80000, 0x00000007a0000000)
  object space 224768K, 27% used [0x0000000760000000,0x0000000763c0ea20,0x000000076db80000)
 Metaspace       used 78065K, capacity 81547K, committed 81792K, reserved 1120256K
  class space    used 10343K, capacity 11040K, committed 11136K, reserved 1048576K
Event: 64.458 GC heap after
Heap after GC invocations=19 (full 3):
 PSYoungGen      total 494592K, used 7178K [0x00000007a0000000, 0x00000007c0000000, 0x00000007c0000000)
  eden space 463872K, 0% used [0x00000007a0000000,0x00000007a0000000,0x00000007bc500000)
  from space 30720K, 23% used [0x00000007be200000,0x00000007be902bd0,0x00000007c0000000)
  to   space 29696K, 0% used [0x00000007bc500000,0x00000007bc500000,0x00000007be200000)
 ParOldGen       total 224768K, used 61546K [0x0000000760000000, 0x000000076db80000, 0x00000007a0000000)
  object space 224768K, 27% used [0x0000000760000000,0x0000000763c1aa20,0x000000076db80000)
 Metaspace       used 78065K, capacity 81547K, committed 81792K, reserved 1120256K
  class space    used 10343K, capacity 11040K, committed 11136K, reserved 1048576K
}
Event: 67.858 GC heap before
{Heap before GC invocations=20 (full 3):
 PSYoungGen      total 494592K, used 470778K [0x00000007a0000000, 0x00000007c0000000, 0x00000007c0000000)
  eden space 463872K, 99% used [0x00000007a0000000,0x00000007bc4bbd48,0x00000007bc500000)
  from space 30720K, 23% used [0x00000007be200000,0x00000007be902bd0,0x00000007c0000000)
  to   space 29696K, 0% used [0x00000007bc500000,0x00000007bc500000,0x00000007be200000)
 ParOldGen       total 224768K, used 61546K [0x0000000760000000, 0x000000076db80000, 0x00000007a0000000)
  object space 224768K, 27% used [0x0000000760000000,0x0000000763c1aa20,0x000000076db80000)
 Metaspace       used 78480K, capacity 81999K, committed 82304K, reserved 1120256K
  class space    used 10382K, capacity 11082K, committed 11136K, reserved 1048576K
Event: 67.870 GC heap after
Heap after GC invocations=20 (full 3):
 PSYoungGen      total 476160K, used 12227K [0x00000007a0000000, 0x00000007bfc00000, 0x00000007c0000000)
  eden space 463872K, 0% used [0x00000007a0000000,0x00000007a0000000,0x00000007bc500000)
  from space 12288K, 99% used [0x00000007bc500000,0x00000007bd0f0f68,0x00000007bd100000)
  to   space 28160K, 0% used [0x00000007be080000,0x00000007be080000,0x00000007bfc00000)
 ParOldGen       total 224768K, used 61554K [0x0000000760000000, 0x000000076db80000, 0x00000007a0000000)
  object space 224768K, 27% used [0x0000000760000000,0x0000000763c1ca20,0x000000076db80000)
 Metaspace       used 78480K, capacity 81999K, committed 82304K, reserved 1120256K
  class space    used 10382K, capacity 11082K, committed 11136K, reserved 1048576K
}

