# JRE version: OpenJDK Runtime Environment (8.0_152-b01) (build 1.8.0_152-release-1024-b01)
# Java VM: OpenJDK 64-Bit Server VM (25.152-b01 mixed mode bsd-amd64 compressed oops)
Heap:
 PSYoungGen      total 422400K, used 13076K [0x00000007a0000000, 0x00000007c0000000, 0x00000007c0000000)
  eden space 347136K, 0% used [0x00000007a0000000,0x00000007a0000000,0x00000007b5300000)
  from space 75264K, 17% used [0x00000007bb680000,0x00000007bc345078,0x00000007c0000000)
  to   space 88576K, 0% used [0x00000007b5300000,0x00000007b5300000,0x00000007ba980000)
 ParOldGen       total 252416K, used 214493K [0x0000000760000000, 0x000000076f680000, 0x00000007a0000000)
  object space 252416K, 84% used [0x0000000760000000,0x000000076d177430,0x000000076f680000)
 Metaspace       used 82540K, capacity 86859K, committed 87168K, reserved 1124352K
  class space    used 10960K, capacity 11832K, committed 11904K, reserved 1048576K
GC Heap History (10 events):
Event: 462.195 GC heap after
Heap after GC invocations=17 (full 3):
 PSYoungGen      total 297472K, used 37355K [0x00000007a0000000, 0x00000007b9000000, 0x00000007c0000000)
  eden space 260096K, 0% used [0x00000007a0000000,0x00000007a0000000,0x00000007afe00000)
  from space 37376K, 99% used [0x00000007b3100000,0x00000007b557adb8,0x00000007b5580000)
  to   space 52224K, 0% used [0x00000007afe00000,0x00000007afe00000,0x00000007b3100000)
 ParOldGen       total 252416K, used 93084K [0x0000000760000000, 0x000000076f680000, 0x00000007a0000000)
  object space 252416K, 36% used [0x0000000760000000,0x0000000765ae7070,0x000000076f680000)
 Metaspace       used 79421K, capacity 83109K, committed 83328K, reserved 1122304K
  class space    used 10581K, capacity 11359K, committed 11392K, reserved 1048576K
}
Event: 464.347 GC heap before
{Heap before GC invocations=18 (full 3):
 PSYoungGen      total 297472K, used 297451K [0x00000007a0000000, 0x00000007b9000000, 0x00000007c0000000)
  eden space 260096K, 100% used [0x00000007a0000000,0x00000007afe00000,0x00000007afe00000)
  from space 37376K, 99% used [0x00000007b3100000,0x00000007b557adb8,0x00000007b5580000)
  to   space 52224K, 0% used [0x00000007afe00000,0x00000007afe00000,0x00000007b3100000)
 ParOldGen       total 252416K, used 93084K [0x0000000760000000, 0x000000076f680000, 0x00000007a0000000)
  object space 252416K, 36% used [0x0000000760000000,0x0000000765ae7070,0x000000076f680000)
 Metaspace       used 80306K, capacity 84327K, committed 84608K, reserved 1122304K
  class space    used 10699K, capacity 11528K, committed 11648K, reserved 1048576K
Event: 464.446 GC heap after
Heap after GC invocations=18 (full 3):
 PSYoungGen      total 312320K, used 52220K [0x00000007a0000000, 0x00000007bfb80000, 0x00000007c0000000)
  eden space 260096K, 0% used [0x00000007a0000000,0x00000007a0000000,0x00000007afe00000)
  from space 52224K, 99% used [0x00000007afe00000,0x00000007b30ff240,0x00000007b3100000)
  to   space 70656K, 0% used [0x00000007bb680000,0x00000007bb680000,0x00000007bfb80000)
 ParOldGen       total 252416K, used 122091K [0x0000000760000000, 0x000000076f680000, 0x00000007a0000000)
  object space 252416K, 48% used [0x0000000760000000,0x000000076773afc8,0x000000076f680000)
 Metaspace       used 80306K, capacity 84327K, committed 84608K, reserved 1122304K
  class space    used 10699K, capacity 11528K, committed 11648K, reserved 1048576K
}
Event: 464.634 GC heap before
{Heap before GC invocations=19 (full 3):
 PSYoungGen      total 312320K, used 312316K [0x00000007a0000000, 0x00000007bfb80000, 0x00000007c0000000)
  eden space 260096K, 100% used [0x00000007a0000000,0x00000007afe00000,0x00000007afe00000)
  from space 52224K, 99% used [0x00000007afe00000,0x00000007b30ff240,0x00000007b3100000)
  to   space 70656K, 0% used [0x00000007bb680000,0x00000007bb680000,0x00000007bfb80000)
 ParOldGen       total 252416K, used 122091K [0x0000000760000000, 0x000000076f680000, 0x00000007a0000000)
  object space 252416K, 48% used [0x0000000760000000,0x000000076773afc8,0x000000076f680000)
 Metaspace       used 80306K, capacity 84327K, committed 84608K, reserved 1122304K
  class space    used 10699K, capacity 11528K, committed 11648K, reserved 1048576K
Event: 464.695 GC heap after
Heap after GC invocations=19 (full 3):
 PSYoungGen      total 448000K, used 64K [0x00000007a0000000, 0x00000007c0000000, 0x00000007c0000000)
  eden space 377344K, 0% used [0x00000007a0000000,0x00000007a0000000,0x00000007b7080000)
  from space 70656K, 0% used [0x00000007bb680000,0x00000007bb690000,0x00000007bfb80000)
  to   space 71680K, 0% used [0x00000007b7080000,0x00000007b7080000,0x00000007bb680000)
 ParOldGen       total 252416K, used 174139K [0x0000000760000000, 0x000000076f680000, 0x00000007a0000000)
  object space 252416K, 68% used [0x0000000760000000,0x000000076aa0efc0,0x000000076f680000)
 Metaspace       used 80306K, capacity 84327K, committed 84608K, reserved 1122304K
  class space    used 10699K, capacity 11528K, committed 11648K, reserved 1048576K
}
Event: 467.165 GC heap before
{Heap before GC invocations=20 (full 3):
 PSYoungGen      total 448000K, used 377408K [0x00000007a0000000, 0x00000007c0000000, 0x00000007c0000000)
  eden space 377344K, 100% used [0x00000007a0000000,0x00000007b7080000,0x00000007b7080000)
  from space 70656K, 0% used [0x00000007bb680000,0x00000007bb690000,0x00000007bfb80000)
  to   space 71680K, 0% used [0x00000007b7080000,0x00000007b7080000,0x00000007bb680000)
 ParOldGen       total 252416K, used 174139K [0x0000000760000000, 0x000000076f680000, 0x00000007a0000000)
  object space 252416K, 68% used [0x0000000760000000,0x000000076aa0efc0,0x000000076f680000)
 Metaspace       used 81260K, capacity 85431K, committed 85632K, reserved 1124352K
  class space    used 10790K, capacity 11642K, committed 11648K, reserved 1048576K
Event: 467.254 GC heap after
Heap after GC invocations=20 (full 3):
 PSYoungGen      total 449024K, used 71664K [0x00000007a0000000, 0x00000007c0000000, 0x00000007c0000000)
  eden space 377344K, 0% used [0x00000007a0000000,0x00000007a0000000,0x00000007b7080000)
  from space 71680K, 99% used [0x00000007b7080000,0x00000007bb67c088,0x00000007bb680000)
  to   space 75264K, 0% used [0x00000007bb680000,0x00000007bb680000,0x00000007c0000000)
 ParOldGen       total 252416K, used 192943K [0x0000000760000000, 0x000000076f680000, 0x00000007a0000000)
  object space 252416K, 76% used [0x0000000760000000,0x000000076bc6bea0,0x000000076f680000)
 Metaspace       used 81260K, capacity 85431K, committed 85632K, reserved 1124352K
  class space    used 10790K, capacity 11642K, committed 11648K, reserved 1048576K
}
Event: 468.453 GC heap before
{Heap before GC invocations=21 (full 3):
 PSYoungGen      total 449024K, used 448440K [0x00000007a0000000, 0x00000007c0000000, 0x00000007c0000000)
  eden space 377344K, 99% used [0x00000007a0000000,0x00000007b6ff2018,0x00000007b7080000)
  from space 71680K, 99% used [0x00000007b7080000,0x00000007bb67c088,0x00000007bb680000)
  to   space 75264K, 0% used [0x00000007bb680000,0x00000007bb680000,0x00000007c0000000)
 ParOldGen       total 252416K, used 192943K [0x0000000760000000, 0x000000076f680000, 0x00000007a0000000)
  object space 252416K, 76% used [0x0000000760000000,0x000000076bc6bea0,0x000000076f680000)
 Metaspace       used 82540K, capacity 86859K, committed 87168K, reserved 1124352K
  class space    used 10960K, capacity 11832K, committed 11904K, reserved 1048576K
Event: 468.503 GC heap after
Heap after GC invocations=21 (full 3):
 PSYoungGen      total 422400K, used 13076K [0x00000007a0000000, 0x00000007c0000000, 0x00000007c0000000)
  eden space 347136K, 0% used [0x00000007a0000000,0x00000007a0000000,0x00000007b5300000)
  from space 75264K, 17% used [0x00000007bb680000,0x00000007bc345078,0x00000007c0000000)
  to   space 88576K, 0% used [0x00000007b5300000,0x00000007b5300000,0x00000007ba980000)
 ParOldGen       total 252416K, used 214493K [0x0000000760000000, 0x000000076f680000, 0x00000007a0000000)
  object space 252416K, 84% used [0x0000000760000000,0x000000076d177430,0x000000076f680000)
 Metaspace       used 82540K, capacity 86859K, committed 87168K, reserved 1124352K
  class space    used 10960K, capacity 11832K, committed 11904K, reserved 1048576K
}
Event: 468.503 GC heap before
{Heap before GC invocations=22 (full 4):
 PSYoungGen      total 422400K, used 13076K [0x00000007a0000000, 0x00000007c0000000, 0x00000007c0000000)
  eden space 347136K, 0% used [0x00000007a0000000,0x00000007a0000000,0x00000007b5300000)
  from space 75264K, 17% used [0x00000007bb680000,0x00000007bc345078,0x00000007c0000000)
  to   space 88576K, 0% used [0x00000007b5300000,0x00000007b5300000,0x00000007ba980000)
 ParOldGen       total 252416K, used 214493K [0x0000000760000000, 0x000000076f680000, 0x00000007a0000000)
  object space 252416K, 84% used [0x0000000760000000,0x000000076d177430,0x000000076f680000)
 Metaspace       used 82540K, capacity 86859K, committed 87168K, reserved 1124352K
  class space    used 10960K, capacity 11832K, committed 11904K, reserved 1048576K

