# JRE version: OpenJDK Runtime Environment (8.0_152-b01) (build 1.8.0_152-release-1024-b01)
# Java VM: OpenJDK 64-Bit Server VM (25.152-b01 mixed mode bsd-amd64 compressed oops)
Heap:
 PSYoungGen      total 147456K, used 147430K [0x00000007a0000000, 0x00000007afd00000, 0x00000007c0000000)
  eden space 134144K, 100% used [0x00000007a0000000,0x00000007a8300000,0x00000007a8300000)
  from space 13312K, 99% used [0x00000007a8300000,0x00000007a8ff9880,0x00000007a9000000)
  to   space 14848K, 99% used [0x00000007aee80000,0x00000007afcf8dd8,0x00000007afd00000)
 ParOldGen       total 666112K, used 539261K [0x0000000760000000, 0x0000000788a80000, 0x00000007a0000000)
  object space 666112K, 80% used [0x0000000760000000,0x0000000780e9f548,0x0000000788a80000)
 Metaspace       used 52460K, capacity 54140K, committed 54400K, reserved 1095680K
  class space    used 6775K, capacity 7282K, committed 7296K, reserved 1048576K
GC Heap History (10 events):
Event: 2.949 GC heap after
Heap after GC invocations=5 (full 1):
 PSYoungGen      total 101888K, used 7257K [0x00000007a0000000, 0x00000007a9200000, 0x00000007c0000000)
  eden space 94208K, 0% used [0x00000007a0000000,0x00000007a0000000,0x00000007a5c00000)
  from space 7680K, 94% used [0x00000007a8a80000,0x00000007a9196450,0x00000007a9200000)
  to   space 10752K, 0% used [0x00000007a7d00000,0x00000007a7d00000,0x00000007a8780000)
 ParOldGen       total 110080K, used 8620K [0x0000000760000000, 0x0000000766b80000, 0x00000007a0000000)
  object space 110080K, 7% used [0x0000000760000000,0x000000076086b018,0x0000000766b80000)
 Metaspace       used 26221K, capacity 26654K, committed 26880K, reserved 1073152K
  class space    used 3629K, capacity 3800K, committed 3840K, reserved 1048576K
}
Event: 4.213 GC heap before
{Heap before GC invocations=6 (full 1):
 PSYoungGen      total 101888K, used 101465K [0x00000007a0000000, 0x00000007a9200000, 0x00000007c0000000)
  eden space 94208K, 100% used [0x00000007a0000000,0x00000007a5c00000,0x00000007a5c00000)
  from space 7680K, 94% used [0x00000007a8a80000,0x00000007a9196450,0x00000007a9200000)
  to   space 10752K, 0% used [0x00000007a7d00000,0x00000007a7d00000,0x00000007a8780000)
 ParOldGen       total 110080K, used 8620K [0x0000000760000000, 0x0000000766b80000, 0x00000007a0000000)
  object space 110080K, 7% used [0x0000000760000000,0x000000076086b018,0x0000000766b80000)
 Metaspace       used 34154K, capacity 34872K, committed 35200K, reserved 1079296K
  class space    used 4724K, capacity 4988K, committed 4992K, reserved 1048576K
Event: 4.228 GC heap after
Heap after GC invocations=6 (full 1):
 PSYoungGen      total 138752K, used 10749K [0x00000007a0000000, 0x00000007a9d00000, 0x00000007c0000000)
  eden space 128000K, 0% used [0x00000007a0000000,0x00000007a0000000,0x00000007a7d00000)
  from space 10752K, 99% used [0x00000007a7d00000,0x00000007a877f4d0,0x00000007a8780000)
  to   space 13312K, 0% used [0x00000007a9000000,0x00000007a9000000,0x00000007a9d00000)
 ParOldGen       total 110080K, used 10522K [0x0000000760000000, 0x0000000766b80000, 0x00000007a0000000)
  object space 110080K, 9% used [0x0000000760000000,0x0000000760a46950,0x0000000766b80000)
 Metaspace       used 34154K, capacity 34872K, committed 35200K, reserved 1079296K
  class space    used 4724K, capacity 4988K, committed 4992K, reserved 1048576K
}
Event: 4.254 GC heap before
{Heap before GC invocations=7 (full 1):
 PSYoungGen      total 138752K, used 12755K [0x00000007a0000000, 0x00000007a9d00000, 0x00000007c0000000)
  eden space 128000K, 1% used [0x00000007a0000000,0x00000007a01f5a60,0x00000007a7d00000)
  from space 10752K, 99% used [0x00000007a7d00000,0x00000007a877f4d0,0x00000007a8780000)
  to   space 13312K, 0% used [0x00000007a9000000,0x00000007a9000000,0x00000007a9d00000)
 ParOldGen       total 110080K, used 10522K [0x0000000760000000, 0x0000000766b80000, 0x00000007a0000000)
  object space 110080K, 9% used [0x0000000760000000,0x0000000760a46950,0x0000000766b80000)
 Metaspace       used 34438K, capacity 35184K, committed 35416K, reserved 1079296K
  class space    used 4758K, capacity 5030K, committed 5120K, reserved 1048576K
Event: 4.262 GC heap after
Heap after GC invocations=7 (full 1):
 PSYoungGen      total 147456K, used 7103K [0x00000007a0000000, 0x00000007af900000, 0x00000007c0000000)
  eden space 134144K, 0% used [0x00000007a0000000,0x00000007a0000000,0x00000007a8300000)
  from space 13312K, 53% used [0x00000007a9000000,0x00000007a96efe80,0x00000007a9d00000)
  to   space 13312K, 0% used [0x00000007a8300000,0x00000007a8300000,0x00000007a9000000)
 ParOldGen       total 110080K, used 10530K [0x0000000760000000, 0x0000000766b80000, 0x00000007a0000000)
  object space 110080K, 9% used [0x0000000760000000,0x0000000760a48950,0x0000000766b80000)
 Metaspace       used 34438K, capacity 35184K, committed 35416K, reserved 1079296K
  class space    used 4758K, capacity 5030K, committed 5120K, reserved 1048576K
}
Event: 4.262 GC heap before
{Heap before GC invocations=8 (full 2):
 PSYoungGen      total 147456K, used 7103K [0x00000007a0000000, 0x00000007af900000, 0x00000007c0000000)
  eden space 134144K, 0% used [0x00000007a0000000,0x00000007a0000000,0x00000007a8300000)
  from space 13312K, 53% used [0x00000007a9000000,0x00000007a96efe80,0x00000007a9d00000)
  to   space 13312K, 0% used [0x00000007a8300000,0x00000007a8300000,0x00000007a9000000)
 ParOldGen       total 110080K, used 10530K [0x0000000760000000, 0x0000000766b80000, 0x00000007a0000000)
  object space 110080K, 9% used [0x0000000760000000,0x0000000760a48950,0x0000000766b80000)
 Metaspace       used 34438K, capacity 35184K, committed 35416K, reserved 1079296K
  class space    used 4758K, capacity 5030K, committed 5120K, reserved 1048576K
Event: 4.312 GC heap after
Heap after GC invocations=8 (full 2):
 PSYoungGen      total 147456K, used 0K [0x00000007a0000000, 0x00000007af900000, 0x00000007c0000000)
  eden space 134144K, 0% used [0x00000007a0000000,0x00000007a0000000,0x00000007a8300000)
  from space 13312K, 0% used [0x00000007a9000000,0x00000007a9000000,0x00000007a9d00000)
  to   space 13312K, 0% used [0x00000007a8300000,0x00000007a8300000,0x00000007a9000000)
 ParOldGen       total 141312K, used 14010K [0x0000000760000000, 0x0000000768a00000, 0x00000007a0000000)
  object space 141312K, 9% used [0x0000000760000000,0x0000000760dae960,0x0000000768a00000)
 Metaspace       used 34438K, capacity 35184K, committed 35416K, reserved 1079296K
  class space    used 4758K, capacity 5030K, committed 5120K, reserved 1048576K
}
Event: 18.320 GC heap before
{Heap before GC invocations=9 (full 2):
 PSYoungGen      total 147456K, used 134144K [0x00000007a0000000, 0x00000007af900000, 0x00000007c0000000)
  eden space 134144K, 100% used [0x00000007a0000000,0x00000007a8300000,0x00000007a8300000)
  from space 13312K, 0% used [0x00000007a9000000,0x00000007a9000000,0x00000007a9d00000)
  to   space 13312K, 0% used [0x00000007a8300000,0x00000007a8300000,0x00000007a9000000)
 ParOldGen       total 141312K, used 14010K [0x0000000760000000, 0x0000000768a00000, 0x00000007a0000000)
  object space 141312K, 9% used [0x0000000760000000,0x0000000760dae960,0x0000000768a00000)
 Metaspace       used 42898K, capacity 43902K, committed 44160K, reserved 1087488K
  class space    used 5693K, capacity 6015K, committed 6016K, reserved 1048576K
Event: 18.331 GC heap after
Heap after GC invocations=9 (full 2):
 PSYoungGen      total 147456K, used 13286K [0x00000007a0000000, 0x00000007afd00000, 0x00000007c0000000)
  eden space 134144K, 0% used [0x00000007a0000000,0x00000007a0000000,0x00000007a8300000)
  from space 13312K, 99% used [0x00000007a8300000,0x00000007a8ff9880,0x00000007a9000000)
  to   space 14848K, 0% used [0x00000007aee80000,0x00000007aee80000,0x00000007afd00000)
 ParOldGen       total 141312K, used 14395K [0x0000000760000000, 0x0000000768a00000, 0x00000007a0000000)
  object space 141312K, 10% used [0x0000000760000000,0x0000000760e0ec58,0x0000000768a00000)
 Metaspace       used 42898K, capacity 43902K, committed 44160K, reserved 1087488K
  class space    used 5693K, capacity 6015K, committed 6016K, reserved 1048576K
}
Event: 41.809 GC heap before
{Heap before GC invocations=10 (full 2):
 PSYoungGen      total 147456K, used 147430K [0x00000007a0000000, 0x00000007afd00000, 0x00000007c0000000)
  eden space 134144K, 100% used [0x00000007a0000000,0x00000007a8300000,0x00000007a8300000)
  from space 13312K, 99% used [0x00000007a8300000,0x00000007a8ff9880,0x00000007a9000000)
  to   space 14848K, 0% used [0x00000007aee80000,0x00000007aee80000,0x00000007afd00000)
 ParOldGen       total 141312K, used 14395K [0x0000000760000000, 0x0000000768a00000, 0x00000007a0000000)
  object space 141312K, 10% used [0x0000000760000000,0x0000000760e0ec58,0x0000000768a00000)
 Metaspace       used 52460K, capacity 54140K, committed 54400K, reserved 1095680K
  class space    used 6775K, capacity 7282K, committed 7296K, reserved 1048576K

