# JRE version: OpenJDK Runtime Environment (8.0_152-b01) (build 1.8.0_152-release-1024-b01)
# Java VM: OpenJDK 64-Bit Server VM (25.152-b01 mixed mode bsd-amd64 compressed oops)
Heap:
 PSYoungGen      total 71168K, used 28580K [0x00000007a0000000, 0x00000007a7400000, 0x00000007c0000000)
  eden space 59904K, 28% used [0x00000007a0000000,0x00000007a10ee540,0x00000007a3a80000)
  from space 11264K, 99% used [0x00000007a4680000,0x00000007a517aea8,0x00000007a5180000)
  to   space 12288K, 0% used [0x00000007a3a80000,0x00000007a3a80000,0x00000007a4680000)
 ParOldGen       total 80384K, used 16532K [0x0000000760000000, 0x0000000764e80000, 0x00000007a0000000)
  object space 80384K, 20% used [0x0000000760000000,0x00000007610252f0,0x0000000764e80000)
 Metaspace       used 41321K, capacity 42311K, committed 42584K, reserved 1085440K
  class space    used 5640K, capacity 5969K, committed 6016K, reserved 1048576K
GC Heap History (10 events):
Event: 19.298 GC heap before
{Heap before GC invocations=6 (full 1):
 PSYoungGen      total 76288K, used 72742K [0x00000007a0000000, 0x00000007a5500000, 0x00000007c0000000)
  eden space 65536K, 100% used [0x00000007a0000000,0x00000007a4000000,0x00000007a4000000)
  from space 10752K, 67% used [0x00000007a4a80000,0x00000007a5189b18,0x00000007a5500000)
  to   space 10752K, 0% used [0x00000007a4000000,0x00000007a4000000,0x00000007a4a80000)
 ParOldGen       total 74240K, used 8638K [0x0000000760000000, 0x0000000764880000, 0x00000007a0000000)
  object space 74240K, 11% used [0x0000000760000000,0x000000076086fa20,0x0000000764880000)
 Metaspace       used 29558K, capacity 30268K, committed 30592K, reserved 1075200K
  class space    used 4152K, capacity 4385K, committed 4480K, reserved 1048576K
Event: 19.306 GC heap after
Heap after GC invocations=6 (full 1):
 PSYoungGen      total 73216K, used 8927K [0x00000007a0000000, 0x00000007a5380000, 0x00000007c0000000)
  eden space 64000K, 0% used [0x00000007a0000000,0x00000007a0000000,0x00000007a3e80000)
  from space 9216K, 96% used [0x00000007a4000000,0x00000007a48b7d88,0x00000007a4900000)
  to   space 10752K, 0% used [0x00000007a4900000,0x00000007a4900000,0x00000007a5380000)
 ParOldGen       total 74240K, used 8646K [0x0000000760000000, 0x0000000764880000, 0x00000007a0000000)
  object space 74240K, 11% used [0x0000000760000000,0x0000000760871a20,0x0000000764880000)
 Metaspace       used 29558K, capacity 30268K, committed 30592K, reserved 1075200K
  class space    used 4152K, capacity 4385K, committed 4480K, reserved 1048576K
}
Event: 20.789 GC heap before
{Heap before GC invocations=7 (full 1):
 PSYoungGen      total 73216K, used 35345K [0x00000007a0000000, 0x00000007a5380000, 0x00000007c0000000)
  eden space 64000K, 41% used [0x00000007a0000000,0x00000007a19cc900,0x00000007a3e80000)
  from space 9216K, 96% used [0x00000007a4000000,0x00000007a48b7d88,0x00000007a4900000)
  to   space 10752K, 0% used [0x00000007a4900000,0x00000007a4900000,0x00000007a5380000)
 ParOldGen       total 74240K, used 8646K [0x0000000760000000, 0x0000000764880000, 0x00000007a0000000)
  object space 74240K, 11% used [0x0000000760000000,0x0000000760871a20,0x0000000764880000)
 Metaspace       used 34280K, capacity 35073K, committed 35416K, reserved 1079296K
  class space    used 4735K, capacity 4992K, committed 4992K, reserved 1048576K
Event: 20.798 GC heap after
Heap after GC invocations=7 (full 1):
 PSYoungGen      total 72192K, used 9470K [0x00000007a0000000, 0x00000007a5280000, 0x00000007c0000000)
  eden space 62464K, 0% used [0x00000007a0000000,0x00000007a0000000,0x00000007a3d00000)
  from space 9728K, 97% used [0x00000007a4900000,0x00000007a523f8c8,0x00000007a5280000)
  to   space 10752K, 0% used [0x00000007a3d80000,0x00000007a3d80000,0x00000007a4800000)
 ParOldGen       total 74240K, used 8654K [0x0000000760000000, 0x0000000764880000, 0x00000007a0000000)
  object space 74240K, 11% used [0x0000000760000000,0x0000000760873a20,0x0000000764880000)
 Metaspace       used 34280K, capacity 35073K, committed 35416K, reserved 1079296K
  class space    used 4735K, capacity 4992K, committed 4992K, reserved 1048576K
}
Event: 20.798 GC heap before
{Heap before GC invocations=8 (full 2):
 PSYoungGen      total 72192K, used 9470K [0x00000007a0000000, 0x00000007a5280000, 0x00000007c0000000)
  eden space 62464K, 0% used [0x00000007a0000000,0x00000007a0000000,0x00000007a3d00000)
  from space 9728K, 97% used [0x00000007a4900000,0x00000007a523f8c8,0x00000007a5280000)
  to   space 10752K, 0% used [0x00000007a3d80000,0x00000007a3d80000,0x00000007a4800000)
 ParOldGen       total 74240K, used 8654K [0x0000000760000000, 0x0000000764880000, 0x00000007a0000000)
  object space 74240K, 11% used [0x0000000760000000,0x0000000760873a20,0x0000000764880000)
 Metaspace       used 34280K, capacity 35073K, committed 35416K, reserved 1079296K
  class space    used 4735K, capacity 4992K, committed 4992K, reserved 1048576K
Event: 20.856 GC heap after
Heap after GC invocations=8 (full 2):
 PSYoungGen      total 72192K, used 0K [0x00000007a0000000, 0x00000007a5280000, 0x00000007c0000000)
  eden space 62464K, 0% used [0x00000007a0000000,0x00000007a0000000,0x00000007a3d00000)
  from space 9728K, 0% used [0x00000007a4900000,0x00000007a4900000,0x00000007a5280000)
  to   space 10752K, 0% used [0x00000007a3d80000,0x00000007a3d80000,0x00000007a4800000)
 ParOldGen       total 80384K, used 16217K [0x0000000760000000, 0x0000000764e80000, 0x00000007a0000000)
  object space 80384K, 20% used [0x0000000760000000,0x0000000760fd6718,0x0000000764e80000)
 Metaspace       used 34280K, capacity 35073K, committed 35416K, reserved 1079296K
  class space    used 4735K, capacity 4992K, committed 4992K, reserved 1048576K
}
Event: 22.144 GC heap before
{Heap before GC invocations=9 (full 2):
 PSYoungGen      total 72192K, used 62365K [0x00000007a0000000, 0x00000007a5280000, 0x00000007c0000000)
  eden space 62464K, 99% used [0x00000007a0000000,0x00000007a3ce7468,0x00000007a3d00000)
  from space 9728K, 0% used [0x00000007a4900000,0x00000007a4900000,0x00000007a5280000)
  to   space 10752K, 0% used [0x00000007a3d80000,0x00000007a3d80000,0x00000007a4800000)
 ParOldGen       total 80384K, used 16217K [0x0000000760000000, 0x0000000764e80000, 0x00000007a0000000)
  object space 80384K, 20% used [0x0000000760000000,0x0000000760fd6718,0x0000000764e80000)
 Metaspace       used 37716K, capacity 38591K, committed 39000K, reserved 1083392K
  class space    used 5156K, capacity 5460K, committed 5504K, reserved 1048576K
Event: 22.157 GC heap after
Heap after GC invocations=9 (full 2):
 PSYoungGen      total 67584K, used 6453K [0x00000007a0000000, 0x00000007a5180000, 0x00000007c0000000)
  eden space 60928K, 0% used [0x00000007a0000000,0x00000007a0000000,0x00000007a3b80000)
  from space 6656K, 96% used [0x00000007a3d80000,0x00000007a43cd558,0x00000007a4400000)
  to   space 11264K, 0% used [0x00000007a4680000,0x00000007a4680000,0x00000007a5180000)
 ParOldGen       total 80384K, used 16225K [0x0000000760000000, 0x0000000764e80000, 0x00000007a0000000)
  object space 80384K, 20% used [0x0000000760000000,0x0000000760fd8718,0x0000000764e80000)
 Metaspace       used 37716K, capacity 38591K, committed 39000K, reserved 1083392K
  class space    used 5156K, capacity 5460K, committed 5504K, reserved 1048576K
}
Event: 23.726 GC heap before
{Heap before GC invocations=10 (full 2):
 PSYoungGen      total 67584K, used 67381K [0x00000007a0000000, 0x00000007a5180000, 0x00000007c0000000)
  eden space 60928K, 100% used [0x00000007a0000000,0x00000007a3b80000,0x00000007a3b80000)
  from space 6656K, 96% used [0x00000007a3d80000,0x00000007a43cd558,0x00000007a4400000)
  to   space 11264K, 0% used [0x00000007a4680000,0x00000007a4680000,0x00000007a5180000)
 ParOldGen       total 80384K, used 16225K [0x0000000760000000, 0x0000000764e80000, 0x00000007a0000000)
  object space 80384K, 20% used [0x0000000760000000,0x0000000760fd8718,0x0000000764e80000)
 Metaspace       used 41120K, capacity 42091K, committed 42328K, reserved 1085440K
  class space    used 5596K, capacity 5934K, committed 6016K, reserved 1048576K
Event: 23.738 GC heap after
Heap after GC invocations=10 (full 2):
 PSYoungGen      total 71168K, used 11243K [0x00000007a0000000, 0x00000007a7400000, 0x00000007c0000000)
  eden space 59904K, 0% used [0x00000007a0000000,0x00000007a0000000,0x00000007a3a80000)
  from space 11264K, 99% used [0x00000007a4680000,0x00000007a517aea8,0x00000007a5180000)
  to   space 12288K, 0% used [0x00000007a3a80000,0x00000007a3a80000,0x00000007a4680000)
 ParOldGen       total 80384K, used 16532K [0x0000000760000000, 0x0000000764e80000, 0x00000007a0000000)
  object space 80384K, 20% used [0x0000000760000000,0x00000007610252f0,0x0000000764e80000)
 Metaspace       used 41120K, capacity 42091K, committed 42328K, reserved 1085440K
  class space    used 5596K, capacity 5934K, committed 6016K, reserved 1048576K
}

