# JRE version: OpenJDK Runtime Environment (8.0_152-b01) (build 1.8.0_152-release-1024-b01)
# Java VM: OpenJDK 64-Bit Server VM (25.152-b01 mixed mode bsd-amd64 compressed oops)
Heap:
 PSYoungGen      total 415744K, used 122859K [0x00000007a0000000, 0x00000007bf480000, 0x00000007c0000000)
  eden space 344064K, 14% used [0x00000007a0000000,0x00000007a31feed0,0x00000007b5000000)
  from space 71680K, 99% used [0x00000007ba200000,0x00000007be7fbf18,0x00000007be800000)
  to   space 83968K, 17% used [0x00000007b5000000,0x00000007b5e42d70,0x00000007ba200000)
 ParOldGen       total 262656K, used 111234K [0x0000000760000000, 0x0000000770080000, 0x00000007a0000000)
  object space 262656K, 42% used [0x0000000760000000,0x0000000766ca0bb8,0x0000000770080000)
 Metaspace       used 74290K, capacity 76186K, committed 76456K, reserved 1116160K
  class space    used 8398K, capacity 8838K, committed 8872K, reserved 1048576K
GC Heap History (10 events):
Event: 17.780 GC heap after
Heap after GC invocations=13 (full 3):
 PSYoungGen      total 269824K, used 18392K [0x00000007a0000000, 0x00000007b3580000, 0x00000007c0000000)
  eden space 226816K, 0% used [0x00000007a0000000,0x00000007a0000000,0x00000007add80000)
  from space 43008K, 42% used [0x00000007b0b80000,0x00000007b1d76148,0x00000007b3580000)
  to   space 45056K, 0% used [0x00000007add80000,0x00000007add80000,0x00000007b0980000)
 ParOldGen       total 262656K, used 51189K [0x0000000760000000, 0x0000000770080000, 0x00000007a0000000)
  object space 262656K, 19% used [0x0000000760000000,0x00000007631fd4c0,0x0000000770080000)
 Metaspace       used 62617K, capacity 63718K, committed 64040K, reserved 1105920K
  class space    used 7403K, capacity 7705K, committed 7720K, reserved 1048576K
}
Event: 20.549 GC heap before
{Heap before GC invocations=14 (full 3):
 PSYoungGen      total 269824K, used 245208K [0x00000007a0000000, 0x00000007b3580000, 0x00000007c0000000)
  eden space 226816K, 100% used [0x00000007a0000000,0x00000007add80000,0x00000007add80000)
  from space 43008K, 42% used [0x00000007b0b80000,0x00000007b1d76148,0x00000007b3580000)
  to   space 45056K, 0% used [0x00000007add80000,0x00000007add80000,0x00000007b0980000)
 ParOldGen       total 262656K, used 51189K [0x0000000760000000, 0x0000000770080000, 0x00000007a0000000)
  object space 262656K, 19% used [0x0000000760000000,0x00000007631fd4c0,0x0000000770080000)
 Metaspace       used 66446K, capacity 68048K, committed 68136K, reserved 1110016K
  class space    used 7813K, capacity 8222K, committed 8232K, reserved 1048576K
Event: 20.610 GC heap after
Heap after GC invocations=14 (full 3):
 PSYoungGen      total 271872K, used 45029K [0x00000007a0000000, 0x00000007b8500000, 0x00000007c0000000)
  eden space 226816K, 0% used [0x00000007a0000000,0x00000007a0000000,0x00000007add80000)
  from space 45056K, 99% used [0x00000007add80000,0x00000007b0979538,0x00000007b0980000)
  to   space 54272K, 0% used [0x00000007b5000000,0x00000007b5000000,0x00000007b8500000)
 ParOldGen       total 262656K, used 60529K [0x0000000760000000, 0x0000000770080000, 0x00000007a0000000)
  object space 262656K, 23% used [0x0000000760000000,0x0000000763b1c420,0x0000000770080000)
 Metaspace       used 66446K, capacity 68048K, committed 68136K, reserved 1110016K
  class space    used 7813K, capacity 8222K, committed 8232K, reserved 1048576K
}
Event: 24.071 GC heap before
{Heap before GC invocations=15 (full 3):
 PSYoungGen      total 271872K, used 271845K [0x00000007a0000000, 0x00000007b8500000, 0x00000007c0000000)
  eden space 226816K, 100% used [0x00000007a0000000,0x00000007add80000,0x00000007add80000)
  from space 45056K, 99% used [0x00000007add80000,0x00000007b0979538,0x00000007b0980000)
  to   space 54272K, 0% used [0x00000007b5000000,0x00000007b5000000,0x00000007b8500000)
 ParOldGen       total 262656K, used 60529K [0x0000000760000000, 0x0000000770080000, 0x00000007a0000000)
  object space 262656K, 23% used [0x0000000760000000,0x0000000763b1c420,0x0000000770080000)
 Metaspace       used 67800K, capacity 69400K, committed 69544K, reserved 1110016K
  class space    used 7893K, capacity 8300K, committed 8360K, reserved 1048576K
Event: 24.125 GC heap after
Heap after GC invocations=15 (full 3):
 PSYoungGen      total 334336K, used 54256K [0x00000007a0000000, 0x00000007b9680000, 0x00000007c0000000)
  eden space 280064K, 0% used [0x00000007a0000000,0x00000007a0000000,0x00000007b1180000)
  from space 54272K, 99% used [0x00000007b5000000,0x00000007b84fc320,0x00000007b8500000)
  to   space 64000K, 0% used [0x00000007b1180000,0x00000007b1180000,0x00000007b5000000)
 ParOldGen       total 262656K, used 65708K [0x0000000760000000, 0x0000000770080000, 0x00000007a0000000)
  object space 262656K, 25% used [0x0000000760000000,0x000000076402b158,0x0000000770080000)
 Metaspace       used 67800K, capacity 69400K, committed 69544K, reserved 1110016K
  class space    used 7893K, capacity 8300K, committed 8360K, reserved 1048576K
}
Event: 27.190 GC heap before
{Heap before GC invocations=16 (full 3):
 PSYoungGen      total 334336K, used 334320K [0x00000007a0000000, 0x00000007b9680000, 0x00000007c0000000)
  eden space 280064K, 100% used [0x00000007a0000000,0x00000007b1180000,0x00000007b1180000)
  from space 54272K, 99% used [0x00000007b5000000,0x00000007b84fc320,0x00000007b8500000)
  to   space 64000K, 0% used [0x00000007b1180000,0x00000007b1180000,0x00000007b5000000)
 ParOldGen       total 262656K, used 65708K [0x0000000760000000, 0x0000000770080000, 0x00000007a0000000)
  object space 262656K, 25% used [0x0000000760000000,0x000000076402b158,0x0000000770080000)
 Metaspace       used 72495K, capacity 74282K, committed 74536K, reserved 1116160K
  class space    used 8232K, capacity 8657K, committed 8744K, reserved 1048576K
Event: 27.249 GC heap after
Heap after GC invocations=16 (full 3):
 PSYoungGen      total 344064K, used 60214K [0x00000007a0000000, 0x00000007be800000, 0x00000007c0000000)
  eden space 280064K, 0% used [0x00000007a0000000,0x00000007a0000000,0x00000007b1180000)
  from space 64000K, 94% used [0x00000007b1180000,0x00000007b4c4d860,0x00000007b5000000)
  to   space 71680K, 0% used [0x00000007ba200000,0x00000007ba200000,0x00000007be800000)
 ParOldGen       total 262656K, used 70906K [0x0000000760000000, 0x0000000770080000, 0x00000007a0000000)
  object space 262656K, 26% used [0x0000000760000000,0x000000076453e888,0x0000000770080000)
 Metaspace       used 72495K, capacity 74282K, committed 74536K, reserved 1116160K
  class space    used 8232K, capacity 8657K, committed 8744K, reserved 1048576K
}
Event: 586.126 GC heap before
{Heap before GC invocations=17 (full 3):
 PSYoungGen      total 344064K, used 340278K [0x00000007a0000000, 0x00000007be800000, 0x00000007c0000000)
  eden space 280064K, 100% used [0x00000007a0000000,0x00000007b1180000,0x00000007b1180000)
  from space 64000K, 94% used [0x00000007b1180000,0x00000007b4c4d860,0x00000007b5000000)
  to   space 71680K, 0% used [0x00000007ba200000,0x00000007ba200000,0x00000007be800000)
 ParOldGen       total 262656K, used 70906K [0x0000000760000000, 0x0000000770080000, 0x00000007a0000000)
  object space 262656K, 26% used [0x0000000760000000,0x000000076453e888,0x0000000770080000)
 Metaspace       used 74177K, capacity 75994K, committed 76200K, reserved 1116160K
  class space    used 8385K, capacity 8838K, committed 8872K, reserved 1048576K
Event: 586.201 GC heap after
Heap after GC invocations=17 (full 3):
 PSYoungGen      total 415744K, used 71663K [0x00000007a0000000, 0x00000007bf480000, 0x00000007c0000000)
  eden space 344064K, 0% used [0x00000007a0000000,0x00000007a0000000,0x00000007b5000000)
  from space 71680K, 99% used [0x00000007ba200000,0x00000007be7fbf18,0x00000007be800000)
  to   space 83968K, 0% used [0x00000007b5000000,0x00000007b5000000,0x00000007ba200000)
 ParOldGen       total 262656K, used 75885K [0x0000000760000000, 0x0000000770080000, 0x00000007a0000000)
  object space 262656K, 28% used [0x0000000760000000,0x0000000764a1b6d8,0x0000000770080000)
 Metaspace       used 74177K, capacity 75994K, committed 76200K, reserved 1116160K
  class space    used 8385K, capacity 8838K, committed 8872K, reserved 1048576K
}
Event: 3614.407 GC heap before
{Heap before GC invocations=18 (full 3):
 PSYoungGen      total 415744K, used 122859K [0x00000007a0000000, 0x00000007bf480000, 0x00000007c0000000)
  eden space 344064K, 14% used [0x00000007a0000000,0x00000007a31feed0,0x00000007b5000000)
  from space 71680K, 99% used [0x00000007ba200000,0x00000007be7fbf18,0x00000007be800000)
  to   space 83968K, 0% used [0x00000007b5000000,0x00000007b5000000,0x00000007ba200000)
 ParOldGen       total 262656K, used 75885K [0x0000000760000000, 0x0000000770080000, 0x00000007a0000000)
  object space 262656K, 28% used [0x0000000760000000,0x0000000764a1b6d8,0x0000000770080000)
 Metaspace       used 74290K, capacity 76186K, committed 76456K, reserved 1116160K
  class space    used 8398K, capacity 8838K, committed 8872K, reserved 1048576K

